# JRE version: OpenJDK Runtime Environment (11.0.13) (build 11.0.13+0-b1751.21-8125866)
# Java VM: OpenJDK 64-Bit Server VM (11.0.13+0-b1751.21-8125866, mixed mode, tiered, compressed oops, g1 gc, windows-amd64)
Heap:
 garbage-first heap   total 157696K, used 95211K [0x00000000a0000000, 0x0000000100000000)
  region size 1024K, 8 young (8192K), 4 survivors (4096K)
 Metaspace       used 79086K, capacity 81447K, committed 81544K, reserved 1120256K
  class space    used 10239K, capacity 11081K, committed 11136K, reserved 1048576K
GC Heap History (20 events):
Event: 18.528 GC heap before
{Heap before GC invocations=16 (full 0):
 garbage-first heap   total 131072K, used 100487K [0x00000000a0000000, 0x0000000100000000)
  region size 1024K, 48 young (49152K), 6 survivors (6144K)
 Metaspace       used 65807K, capacity 67421K, committed 67592K, reserved 1107968K
  class space    used 8275K, capacity 8872K, committed 8960K, reserved 1048576K
}
Event: 18.538 GC heap after
{Heap after GC invocations=17 (full 0):
 garbage-first heap   total 131072K, used 58317K [0x00000000a0000000, 0x0000000100000000)
  region size 1024K, 2 young (2048K), 2 survivors (2048K)
 Metaspace       used 65807K, capacity 67421K, committed 67592K, reserved 1107968K
  class space    used 8275K, capacity 8872K, committed 8960K, reserved 1048576K
}
Event: 19.634 GC heap before
{Heap before GC invocations=17 (full 0):
 garbage-first heap   total 131072K, used 99277K [0x00000000a0000000, 0x0000000100000000)
  region size 1024K, 42 young (43008K), 2 survivors (2048K)
 Metaspace       used 67221K, capacity 68883K, committed 69000K, reserved 1110016K
  class space    used 8435K, capacity 8987K, committed 9088K, reserved 1048576K
}
Event: 19.645 GC heap after
{Heap after GC invocations=18 (full 0):
 garbage-first heap   total 131072K, used 63483K [0x00000000a0000000, 0x0000000100000000)
  region size 1024K, 6 young (6144K), 6 survivors (6144K)
 Metaspace       used 67221K, capacity 68883K, committed 69000K, reserved 1110016K
  class space    used 8435K, capacity 8987K, committed 9088K, reserved 1048576K
}
Event: 20.126 GC heap before
{Heap before GC invocations=19 (full 0):
 garbage-first heap   total 131072K, used 105467K [0x00000000a0000000, 0x0000000100000000)
  region size 1024K, 45 young (46080K), 6 survivors (6144K)
 Metaspace       used 67893K, capacity 69699K, committed 69896K, reserved 1110016K
  class space    used 8540K, capacity 9151K, committed 9216K, reserved 1048576K
}
Event: 20.135 GC heap after
{Heap after GC invocations=20 (full 0):
 garbage-first heap   total 131072K, used 69912K [0x00000000a0000000, 0x0000000100000000)
  region size 1024K, 5 young (5120K), 5 survivors (5120K)
 Metaspace       used 67893K, capacity 69699K, committed 69896K, reserved 1110016K
  class space    used 8540K, capacity 9151K, committed 9216K, reserved 1048576K
}
Event: 20.490 GC heap before
{Heap before GC invocations=20 (full 0):
 garbage-first heap   total 131072K, used 105752K [0x00000000a0000000, 0x0000000100000000)
  region size 1024K, 40 young (40960K), 5 survivors (5120K)
 Metaspace       used 68142K, capacity 70071K, committed 70280K, reserved 1110016K
  class space    used 8574K, capacity 9232K, committed 9344K, reserved 1048576K
}
Event: 20.504 GC heap after
{Heap after GC invocations=21 (full 0):
 garbage-first heap   total 131072K, used 72520K [0x00000000a0000000, 0x0000000100000000)
  region size 1024K, 3 young (3072K), 3 survivors (3072K)
 Metaspace       used 68142K, capacity 70071K, committed 70280K, reserved 1110016K
  class space    used 8574K, capacity 9232K, committed 9344K, reserved 1048576K
}
Event: 21.225 GC heap before
{Heap before GC invocations=22 (full 0):
 garbage-first heap   total 131072K, used 107336K [0x00000000a0000000, 0x0000000100000000)
  region size 1024K, 37 young (37888K), 3 survivors (3072K)
 Metaspace       used 70697K, capacity 72697K, committed 72968K, reserved 1112064K
  class space    used 8941K, capacity 9636K, committed 9728K, reserved 1048576K
}
Event: 21.233 GC heap after
{Heap after GC invocations=23 (full 0):
 garbage-first heap   total 131072K, used 74563K [0x00000000a0000000, 0x0000000100000000)
  region size 1024K, 5 young (5120K), 5 survivors (5120K)
 Metaspace       used 70697K, capacity 72697K, committed 72968K, reserved 1112064K
  class space    used 8941K, capacity 9636K, committed 9728K, reserved 1048576K
}
Event: 22.139 GC heap before
{Heap before GC invocations=23 (full 0):
 garbage-first heap   total 131072K, used 108355K [0x00000000a0000000, 0x0000000100000000)
  region size 1024K, 38 young (38912K), 5 survivors (5120K)
 Metaspace       used 74053K, capacity 76070K, committed 76296K, reserved 1116160K
  class space    used 9502K, capacity 10182K, committed 10240K, reserved 1048576K
}
Event: 22.155 GC heap after
{Heap after GC invocations=24 (full 0):
 garbage-first heap   total 131072K, used 76710K [0x00000000a0000000, 0x0000000100000000)
  region size 1024K, 5 young (5120K), 5 survivors (5120K)
 Metaspace       used 74053K, capacity 76070K, committed 76296K, reserved 1116160K
  class space    used 9502K, capacity 10182K, committed 10240K, reserved 1048576K
}
Event: 22.830 GC heap before
{Heap before GC invocations=25 (full 0):
 garbage-first heap   total 131072K, used 109478K [0x00000000a0000000, 0x0000000100000000)
  region size 1024K, 37 young (37888K), 5 survivors (5120K)
 Metaspace       used 75206K, capacity 77258K, committed 77320K, reserved 1116160K
  class space    used 9695K, capacity 10450K, committed 10496K, reserved 1048576K
}
Event: 22.841 GC heap after
{Heap after GC invocations=26 (full 0):
 garbage-first heap   total 131072K, used 79805K [0x00000000a0000000, 0x0000000100000000)
  region size 1024K, 5 young (5120K), 5 survivors (5120K)
 Metaspace       used 75206K, capacity 77258K, committed 77320K, reserved 1116160K
  class space    used 9695K, capacity 10450K, committed 10496K, reserved 1048576K
}
Event: 23.495 GC heap before
{Heap before GC invocations=26 (full 0):
 garbage-first heap   total 131072K, used 110525K [0x00000000a0000000, 0x0000000100000000)
  region size 1024K, 35 young (35840K), 5 survivors (5120K)
 Metaspace       used 76700K, capacity 78868K, committed 79112K, reserved 1118208K
  class space    used 9917K, capacity 10743K, committed 10752K, reserved 1048576K
}
Event: 23.508 GC heap after
{Heap after GC invocations=27 (full 0):
 garbage-first heap   total 131072K, used 83043K [0x00000000a0000000, 0x0000000100000000)
  region size 1024K, 4 young (4096K), 4 survivors (4096K)
 Metaspace       used 76700K, capacity 78868K, committed 79112K, reserved 1118208K
  class space    used 9917K, capacity 10743K, committed 10752K, reserved 1048576K
}
Event: 24.431 GC heap before
{Heap before GC invocations=28 (full 0):
 garbage-first heap   total 131072K, used 103523K [0x00000000a0000000, 0x0000000100000000)
  region size 1024K, 26 young (26624K), 4 survivors (4096K)
 Metaspace       used 77313K, capacity 79695K, committed 80008K, reserved 1118208K
  class space    used 9969K, capacity 10798K, committed 10880K, reserved 1048576K
}
Event: 24.451 GC heap after
{Heap after GC invocations=29 (full 0):
 garbage-first heap   total 131072K, used 85657K [0x00000000a0000000, 0x0000000100000000)
  region size 1024K, 3 young (3072K), 3 survivors (3072K)
 Metaspace       used 77313K, capacity 79695K, committed 80008K, reserved 1118208K
  class space    used 9969K, capacity 10798K, committed 10880K, reserved 1048576K
}
Event: 25.462 GC heap before
{Heap before GC invocations=30 (full 0):
 garbage-first heap   total 131072K, used 113305K [0x00000000a0000000, 0x0000000100000000)
  region size 1024K, 27 young (27648K), 3 survivors (3072K)
 Metaspace       used 78859K, capacity 81281K, committed 81544K, reserved 1120256K
  class space    used 10211K, capacity 11047K, committed 11136K, reserved 1048576K
}
Event: 25.475 GC heap after
{Heap after GC invocations=31 (full 0):
 garbage-first heap   total 157696K, used 92139K [0x00000000a0000000, 0x0000000100000000)
  region size 1024K, 4 young (4096K), 4 survivors (4096K)
 Metaspace       used 78859K, capacity 81281K, committed 81544K, reserved 1120256K
  class space    used 10211K, capacity 11047K, committed 11136K, reserved 1048576K
}

